2020-11-28 22:42:40.809  INFO 3060 --- [restartedMain] c.h.f.FlightreservationApplication       : Starting FlightreservationApplication using Java 1.8.0_101 on vimal-PC with PID 3060 (D:\codingprojects\endtoendjava\flightreservation\target\classes started by Lenovo in D:\codingprojects\endtoendjava\flightreservation)
2020-11-28 22:42:40.811  INFO 3060 --- [restartedMain] c.h.f.FlightreservationApplication       : No active profile set, falling back to default profiles: default
2020-11-28 22:42:42.098  INFO 3060 --- [restartedMain] .s.d.r.c.RepositoryConfigurationDelegate : Bootstrapping Spring Data JPA repositories in DEFERRED mode.
2020-11-28 22:42:42.306  INFO 3060 --- [restartedMain] .s.d.r.c.RepositoryConfigurationDelegate : Finished Spring Data repository scanning in 204 ms. Found 4 JPA repository interfaces.
2020-11-28 22:42:43.146  INFO 3060 --- [restartedMain] o.s.b.w.embedded.tomcat.TomcatWebServer  : Tomcat initialized with port(s): 2000 (http)
2020-11-28 22:42:43.151  INFO 3060 --- [restartedMain] o.apache.catalina.core.StandardService   : Starting service [Tomcat]
2020-11-28 22:42:43.152  INFO 3060 --- [restartedMain] org.apache.catalina.core.StandardEngine  : Starting Servlet engine: [Apache Tomcat/9.0.39]
2020-11-28 22:42:43.889  INFO 3060 --- [restartedMain] org.apache.jasper.servlet.TldScanner     : At least one JAR was scanned for TLDs yet contained no TLDs. Enable debug logging for this logger for a complete list of JARs that were scanned but no TLDs were found in them. Skipping unneeded JARs during scanning can improve startup time and JSP compilation time.
2020-11-28 22:42:43.901  INFO 3060 --- [restartedMain] o.a.c.c.C.[.[.[/flightreservation]       : Initializing Spring embedded WebApplicationContext
2020-11-28 22:42:43.901  INFO 3060 --- [restartedMain] w.s.c.ServletWebServerApplicationContext : Root WebApplicationContext: initialization completed in 3071 ms
2020-11-28 22:42:44.095  INFO 3060 --- [restartedMain] o.s.s.concurrent.ThreadPoolTaskExecutor  : Initializing ExecutorService 'applicationTaskExecutor'
2020-11-28 22:42:44.105  INFO 3060 --- [restartedMain] com.zaxxer.hikari.HikariDataSource       : HikariPool-2 - Starting...
2020-11-28 22:42:44.475  INFO 3060 --- [restartedMain] com.zaxxer.hikari.HikariDataSource       : HikariPool-2 - Start completed.
2020-11-28 22:42:44.499  INFO 3060 --- [task-1] o.hibernate.jpa.internal.util.LogHelper  : HHH000204: Processing PersistenceUnitInfo [name: default]
2020-11-28 22:42:44.532  INFO 3060 --- [task-1] org.hibernate.dialect.Dialect            : HHH000400: Using dialect: org.hibernate.dialect.MySQL8Dialect
2020-11-28 22:42:44.847  WARN 3060 --- [restartedMain] JpaBaseConfiguration$JpaWebConfiguration : spring.jpa.open-in-view is enabled by default. Therefore, database queries may be performed during view rendering. Explicitly configure spring.jpa.open-in-view to disable this warning
2020-11-28 22:42:45.018  INFO 3060 --- [task-1] o.h.e.t.j.p.i.JtaPlatformInitiator       : HHH000490: Using JtaPlatform implementation: [org.hibernate.engine.transaction.jta.platform.internal.NoJtaPlatform]
2020-11-28 22:42:45.022  INFO 3060 --- [task-1] j.LocalContainerEntityManagerFactoryBean : Initialized JPA EntityManagerFactory for persistence unit 'default'
2020-11-28 22:42:45.438  INFO 3060 --- [restartedMain] o.s.b.a.w.s.WelcomePageHandlerMapping    : Adding welcome page: ServletContext resource [/index.html]
2020-11-28 22:42:45.893  INFO 3060 --- [restartedMain] o.s.b.d.a.OptionalLiveReloadServer       : LiveReload server is running on port 35729
2020-11-28 22:42:45.969  INFO 3060 --- [restartedMain] o.s.b.w.embedded.tomcat.TomcatWebServer  : Tomcat started on port(s): 2000 (http) with context path '/flightreservation'
2020-11-28 22:42:45.974  INFO 3060 --- [restartedMain] DeferredRepositoryInitializationListener : Triggering deferred initialization of Spring Data repositories…
2020-11-28 22:42:46.575  INFO 3060 --- [restartedMain] DeferredRepositoryInitializationListener : Spring Data repositories initialized!
2020-11-28 22:42:46.596  INFO 3060 --- [restartedMain] c.h.f.FlightreservationApplication       : Started FlightreservationApplication in 6.056 seconds (JVM running for 116.946)
2020-11-28 22:42:46.605  INFO 3060 --- [restartedMain] .ConditionEvaluationDeltaLoggingListener : Condition evaluation unchanged
2020-11-28 22:43:08.709  INFO 3060 --- [http-nio-2000-exec-2] o.a.c.c.C.[.[.[/flightreservation]       : Initializing Spring DispatcherServlet 'dispatcherServlet'
2020-11-28 22:43:08.710  INFO 3060 --- [http-nio-2000-exec-2] o.s.web.servlet.DispatcherServlet        : Initializing Servlet 'dispatcherServlet'
2020-11-28 22:43:08.716  INFO 3060 --- [http-nio-2000-exec-2] o.s.web.servlet.DispatcherServlet        : Completed initialization in 5 ms
2020-11-28 22:43:08.731 ERROR 3060 --- [http-nio-2000-exec-2] c.h.f.controller.UserController          : ERROR
2020-11-28 22:43:08.731  WARN 3060 --- [http-nio-2000-exec-2] c.h.f.controller.UserController          : WARN
2020-11-28 22:43:08.732  INFO 3060 --- [http-nio-2000-exec-2] c.h.f.controller.UserController          : INFO
2020-11-28 22:45:00.037  INFO 3060 --- [RMI TCP Connection(2)-127.0.0.1] inMXBeanRegistrar$SpringApplicationAdmin : Application shutdown requested.
2020-11-28 22:45:01.333  INFO 3060 --- [RMI TCP Connection(2)-127.0.0.1] j.LocalContainerEntityManagerFactoryBean : Closing JPA EntityManagerFactory for persistence unit 'default'
2020-11-28 22:45:01.336  INFO 3060 --- [RMI TCP Connection(2)-127.0.0.1] o.s.s.concurrent.ThreadPoolTaskExecutor  : Shutting down ExecutorService 'applicationTaskExecutor'
2020-11-28 22:45:01.337  INFO 3060 --- [RMI TCP Connection(2)-127.0.0.1] com.zaxxer.hikari.HikariDataSource       : HikariPool-2 - Shutdown initiated...
2020-11-28 22:45:01.411  INFO 3060 --- [RMI TCP Connection(2)-127.0.0.1] com.zaxxer.hikari.HikariDataSource       : HikariPool-2 - Shutdown completed.
2020-11-28 22:45:13.911  INFO 4412 --- [restartedMain] c.h.f.FlightreservationApplication       : Starting FlightreservationApplication using Java 1.8.0_101 on vimal-PC with PID 4412 (D:\codingprojects\endtoendjava\flightreservation\target\classes started by Lenovo in D:\codingprojects\endtoendjava\flightreservation)
2020-11-28 22:45:13.923  INFO 4412 --- [restartedMain] c.h.f.FlightreservationApplication       : No active profile set, falling back to default profiles: default
2020-11-28 22:45:14.285  INFO 4412 --- [restartedMain] .e.DevToolsPropertyDefaultsPostProcessor : Devtools property defaults active! Set 'spring.devtools.add-properties' to 'false' to disable
2020-11-28 22:45:14.288  INFO 4412 --- [restartedMain] .e.DevToolsPropertyDefaultsPostProcessor : For additional web related logging consider setting the 'logging.level.web' property to 'DEBUG'
2020-11-28 22:45:18.001  INFO 4412 --- [restartedMain] .s.d.r.c.RepositoryConfigurationDelegate : Bootstrapping Spring Data JPA repositories in DEFERRED mode.
2020-11-28 22:45:18.681  INFO 4412 --- [restartedMain] .s.d.r.c.RepositoryConfigurationDelegate : Finished Spring Data repository scanning in 644 ms. Found 4 JPA repository interfaces.
2020-11-28 22:45:22.227  INFO 4412 --- [restartedMain] o.s.b.w.embedded.tomcat.TomcatWebServer  : Tomcat initialized with port(s): 2000 (http)
2020-11-28 22:45:22.313  INFO 4412 --- [restartedMain] o.apache.catalina.core.StandardService   : Starting service [Tomcat]
2020-11-28 22:45:22.315  INFO 4412 --- [restartedMain] org.apache.catalina.core.StandardEngine  : Starting Servlet engine: [Apache Tomcat/9.0.39]
2020-11-28 22:45:24.638  INFO 4412 --- [restartedMain] org.apache.jasper.servlet.TldScanner     : At least one JAR was scanned for TLDs yet contained no TLDs. Enable debug logging for this logger for a complete list of JARs that were scanned but no TLDs were found in them. Skipping unneeded JARs during scanning can improve startup time and JSP compilation time.
2020-11-28 22:45:24.692  INFO 4412 --- [restartedMain] o.a.c.c.C.[.[.[/flightreservation]       : Initializing Spring embedded WebApplicationContext
2020-11-28 22:45:24.693  INFO 4412 --- [restartedMain] w.s.c.ServletWebServerApplicationContext : Root WebApplicationContext: initialization completed in 10401 ms
2020-11-28 22:45:25.870  INFO 4412 --- [restartedMain] o.s.s.concurrent.ThreadPoolTaskExecutor  : Initializing ExecutorService 'applicationTaskExecutor'
2020-11-28 22:45:25.920  INFO 4412 --- [restartedMain] com.zaxxer.hikari.HikariDataSource       : HikariPool-1 - Starting...
2020-11-28 22:45:29.059  INFO 4412 --- [restartedMain] com.zaxxer.hikari.HikariDataSource       : HikariPool-1 - Start completed.
2020-11-28 22:45:29.585  INFO 4412 --- [task-1] o.hibernate.jpa.internal.util.LogHelper  : HHH000204: Processing PersistenceUnitInfo [name: default]
2020-11-28 22:45:30.432  WARN 4412 --- [restartedMain] JpaBaseConfiguration$JpaWebConfiguration : spring.jpa.open-in-view is enabled by default. Therefore, database queries may be performed during view rendering. Explicitly configure spring.jpa.open-in-view to disable this warning
2020-11-28 22:45:30.437  INFO 4412 --- [task-1] org.hibernate.Version                    : HHH000412: Hibernate ORM core version 5.4.23.Final
2020-11-28 22:45:31.712  INFO 4412 --- [task-1] o.hibernate.annotations.common.Version   : HCANN000001: Hibernate Commons Annotations {5.1.2.Final}
2020-11-28 22:45:32.153  INFO 4412 --- [restartedMain] o.s.b.a.w.s.WelcomePageHandlerMapping    : Adding welcome page: ServletContext resource [/index.html]
2020-11-28 22:45:32.800  INFO 4412 --- [task-1] org.hibernate.dialect.Dialect            : HHH000400: Using dialect: org.hibernate.dialect.MySQL8Dialect
2020-11-28 22:45:33.061  INFO 4412 --- [restartedMain] o.s.b.d.a.OptionalLiveReloadServer       : LiveReload server is running on port 35729
2020-11-28 22:45:33.584  INFO 4412 --- [restartedMain] o.s.b.w.embedded.tomcat.TomcatWebServer  : Tomcat started on port(s): 2000 (http) with context path '/flightreservation'
2020-11-28 22:45:33.600  INFO 4412 --- [restartedMain] DeferredRepositoryInitializationListener : Triggering deferred initialization of Spring Data repositories…
2020-11-28 22:45:36.600  INFO 4412 --- [task-1] o.h.e.t.j.p.i.JtaPlatformInitiator       : HHH000490: Using JtaPlatform implementation: [org.hibernate.engine.transaction.jta.platform.internal.NoJtaPlatform]
2020-11-28 22:45:36.670  INFO 4412 --- [task-1] j.LocalContainerEntityManagerFactoryBean : Initialized JPA EntityManagerFactory for persistence unit 'default'
2020-11-28 22:45:39.472  INFO 4412 --- [restartedMain] DeferredRepositoryInitializationListener : Spring Data repositories initialized!
2020-11-28 22:45:39.547  INFO 4412 --- [restartedMain] c.h.f.FlightreservationApplication       : Started FlightreservationApplication in 27.729 seconds (JVM running for 32.815)
2020-11-28 22:47:37.953  INFO 4412 --- [http-nio-2000-exec-3] o.a.c.c.C.[.[.[/flightreservation]       : Initializing Spring DispatcherServlet 'dispatcherServlet'
2020-11-28 22:47:37.954  INFO 4412 --- [http-nio-2000-exec-3] o.s.web.servlet.DispatcherServlet        : Initializing Servlet 'dispatcherServlet'
2020-11-28 22:47:37.959  INFO 4412 --- [http-nio-2000-exec-3] o.s.web.servlet.DispatcherServlet        : Completed initialization in 4 ms
2020-11-28 22:47:38.154 ERROR 4412 --- [http-nio-2000-exec-3] c.h.f.controller.UserController          : ERROR
2020-11-28 22:47:38.155  WARN 4412 --- [http-nio-2000-exec-3] c.h.f.controller.UserController          : WARN
2020-11-28 22:47:38.156  INFO 4412 --- [http-nio-2000-exec-3] c.h.f.controller.UserController          : INFO
2020-11-28 22:48:08.159  INFO 4412 --- [Thread-6] j.LocalContainerEntityManagerFactoryBean : Closing JPA EntityManagerFactory for persistence unit 'default'
2020-11-28 22:48:08.169  INFO 4412 --- [Thread-6] o.s.s.concurrent.ThreadPoolTaskExecutor  : Shutting down ExecutorService 'applicationTaskExecutor'
2020-11-28 22:48:08.176  INFO 4412 --- [Thread-6] com.zaxxer.hikari.HikariDataSource       : HikariPool-1 - Shutdown initiated...
2020-11-28 22:48:08.351  INFO 4412 --- [Thread-6] com.zaxxer.hikari.HikariDataSource       : HikariPool-1 - Shutdown completed.
